04-26 20:00:19 root         INFO     main.py <module> AMP Resource Montior is INFO
04-26 20:00:19 root         INFO     main.py <module> Establishing window columns' layout
04-26 20:00:19 root         INFO     main.py <module> Window columns established
04-26 20:00:19 root         INFO     main.py <module> Window object created
04-26 20:00:19 root         INFO     main.py get_version Starting get_version
04-26 20:00:19 root         INFO     main.py get_version Version found: [7, 3, 15]
04-26 20:00:19 root         INFO     main.py read_xmls Starting to process XMLs
04-26 20:00:19 root         INFO     main.py read_xmls Policy.xml is open
04-26 20:00:19 root         INFO     main.py dig_thru_xml Digging through XML
04-26 20:00:19 root         INFO     main.py dig_thru_xml Returning entry from XML
04-26 20:00:19 root         INFO     main.py dig_thru_xml Digging through XML
04-26 20:00:19 root         INFO     main.py dig_thru_xml Returning entry from XML
04-26 20:00:19 root         INFO     main.py dig_thru_xml Digging through XML
04-26 20:00:19 root         INFO     main.py dig_thru_xml Returning entry from XML
04-26 20:00:19 root         INFO     main.py dig_thru_xml Digging through XML
04-26 20:00:19 root         INFO     main.py dig_thru_xml Returning entry from XML
04-26 20:00:19 root         INFO     main.py dig_thru_xml Digging through XML
04-26 20:00:19 root         INFO     main.py dig_thru_xml Returning entry from XML
04-26 20:00:19 root         INFO     main.py dig_thru_xml Digging through XML
04-26 20:00:19 root         INFO     main.py dig_thru_xml Returning entry from XML
04-26 20:00:19 root         INFO     main.py dig_thru_xml Digging through XML
04-26 20:00:19 root         INFO     main.py dig_thru_xml Returning entry from XML
04-26 20:00:19 root         INFO     main.py dig_thru_xml Digging through XML
04-26 20:00:19 root         INFO     main.py dig_thru_xml Returning entry from XML
04-26 20:00:19 root         INFO     main.py dig_thru_xml Digging through XML
04-26 20:00:19 root         INFO     main.py dig_thru_xml Returning entry from XML
04-26 20:00:19 root         INFO     main.py dig_thru_xml Digging through XML
04-26 20:00:19 root         INFO     main.py dig_thru_xml Returning entry from XML
04-26 20:00:19 root         INFO     main.py dig_thru_xml Digging through XML
04-26 20:00:19 root         INFO     main.py dig_thru_xml Returning entry from XML
04-26 20:00:19 root         INFO     main.py dig_thru_xml Digging through XML
04-26 20:00:19 root         INFO     main.py dig_thru_xml Digging through XML
04-26 20:00:19 root         INFO     main.py dig_thru_xml Digging through XML
04-26 20:00:19 root         INFO     main.py dig_thru_xml Returning entry from XML
04-26 20:00:19 root         INFO     main.py read_xmls Closing policy.xml
04-26 20:00:19 root         INFO     main.py read_xmls Global.xml is open
04-26 20:00:19 root         INFO     main.py dig_thru_xml Digging through XML
04-26 20:00:19 root         INFO     main.py dig_thru_xml Returning entry from XML
04-26 20:00:19 root         INFO     main.py read_xmls Closing global.xml
04-26 20:00:19 root         INFO     main.py read_xmls Local.xml is open
04-26 20:00:19 root         INFO     main.py dig_thru_xml Digging through XML
04-26 20:00:19 root         INFO     main.py dig_thru_xml Returning entry from XML
04-26 20:00:19 root         INFO     main.py read_xmls Closing local.xml
04-26 20:00:19 root         INFO     main.py read_xmls Updating window elements with values from XMLs
04-26 20:00:19 root         INFO     main.py read_xmls Window elements updated successfully
04-26 20:00:19 root         INFO     main.py main Starting main function
04-26 20:00:21 root         INFO     main.py main Start event received
04-26 20:00:22 root         INFO     main.py main Gathering processes information
04-26 20:00:22 root         INFO     main.py main Gathering processors information
04-26 20:00:22 root         INFO     main.py main Pull sfc, cscm and orbital information from processes
04-26 20:00:22 root         INFO     main.py main Calculating total RAM and total CPU usage
04-26 20:00:22 root         INFO     main.py main Calculating AMP disk usage
04-26 20:00:23 root         INFO     main.py main Updating window information with RAM and CPU information
04-26 20:00:23 root         INFO     main.py main Stop event received
04-26 20:00:24 root         INFO     main.py main Window Close event received
04-26 20:02:09 root         INFO     main.py <module> AMP Resource Montior is INFO
04-26 20:02:09 root         INFO     main.py <module> Establishing window columns' layout
04-26 20:02:09 root         INFO     main.py <module> Window columns established
04-26 20:02:10 root         INFO     main.py <module> Window object created
04-26 20:02:10 root         INFO     main.py get_version Starting get_version
04-26 20:02:10 root         INFO     main.py get_version Version found: [7, 3, 15]
04-26 20:02:10 root         INFO     main.py read_xmls Starting to process XMLs
04-26 20:02:10 root         INFO     main.py read_xmls Policy.xml is open
04-26 20:02:10 root         INFO     main.py dig_thru_xml Digging through XML
04-26 20:02:10 root         INFO     main.py dig_thru_xml Returning entry from XML
04-26 20:02:10 root         INFO     main.py dig_thru_xml Digging through XML
04-26 20:02:10 root         INFO     main.py dig_thru_xml Returning entry from XML
04-26 20:02:10 root         INFO     main.py dig_thru_xml Digging through XML
04-26 20:02:10 root         INFO     main.py dig_thru_xml Returning entry from XML
04-26 20:02:10 root         INFO     main.py dig_thru_xml Digging through XML
04-26 20:02:10 root         INFO     main.py dig_thru_xml Returning entry from XML
04-26 20:02:10 root         INFO     main.py dig_thru_xml Digging through XML
04-26 20:02:10 root         INFO     main.py dig_thru_xml Returning entry from XML
04-26 20:02:10 root         INFO     main.py dig_thru_xml Digging through XML
04-26 20:02:10 root         INFO     main.py dig_thru_xml Returning entry from XML
04-26 20:02:10 root         INFO     main.py dig_thru_xml Digging through XML
04-26 20:02:10 root         INFO     main.py dig_thru_xml Returning entry from XML
04-26 20:02:10 root         INFO     main.py dig_thru_xml Digging through XML
04-26 20:02:10 root         INFO     main.py dig_thru_xml Returning entry from XML
04-26 20:02:10 root         INFO     main.py dig_thru_xml Digging through XML
04-26 20:02:10 root         INFO     main.py dig_thru_xml Returning entry from XML
04-26 20:02:10 root         INFO     main.py dig_thru_xml Digging through XML
04-26 20:02:10 root         INFO     main.py dig_thru_xml Returning entry from XML
04-26 20:02:10 root         INFO     main.py dig_thru_xml Digging through XML
04-26 20:02:10 root         INFO     main.py dig_thru_xml Returning entry from XML
04-26 20:02:10 root         INFO     main.py dig_thru_xml Digging through XML
04-26 20:02:10 root         INFO     main.py dig_thru_xml Digging through XML
04-26 20:02:10 root         INFO     main.py dig_thru_xml Digging through XML
04-26 20:02:10 root         INFO     main.py dig_thru_xml Returning entry from XML
04-26 20:02:10 root         INFO     main.py read_xmls Closing policy.xml
04-26 20:02:10 root         INFO     main.py read_xmls Global.xml is open
04-26 20:02:10 root         INFO     main.py dig_thru_xml Digging through XML
04-26 20:02:10 root         INFO     main.py dig_thru_xml Returning entry from XML
04-26 20:02:10 root         INFO     main.py read_xmls Closing global.xml
04-26 20:02:10 root         INFO     main.py read_xmls Local.xml is open
04-26 20:02:10 root         INFO     main.py dig_thru_xml Digging through XML
04-26 20:02:10 root         INFO     main.py dig_thru_xml Returning entry from XML
04-26 20:02:10 root         INFO     main.py read_xmls Closing local.xml
04-26 20:02:10 root         INFO     main.py read_xmls Updating window elements with values from XMLs
04-26 20:02:10 root         INFO     main.py read_xmls Window elements updated successfully
04-26 20:02:10 root         INFO     main.py main Starting main function
04-26 20:02:14 root         INFO     main.py main Window Close event received
